[debug] [2025-06-20T21:02:16.855Z] ----------------------------------------------------------------------
[debug] [2025-06-20T21:02:16.857Z] Command:       /Users/hamidhosseinianfar/.nvm/versions/node/v18.20.8/bin/node /Users/hamidhosseinianfar/.nvm/versions/node/v18.20.8/bin/firebase init
[debug] [2025-06-20T21:02:16.857Z] CLI Version:   13.35.1
[debug] [2025-06-20T21:02:16.858Z] Platform:      darwin
[debug] [2025-06-20T21:02:16.858Z] Node Version:  v18.20.8
[debug] [2025-06-20T21:02:16.859Z] Time:          Fri Jun 20 2025 17:02:16 GMT-0400 (Eastern Daylight Time)
[debug] [2025-06-20T21:02:16.859Z] ----------------------------------------------------------------------
[debug] 
[debug] [2025-06-20T21:02:16.862Z] >>> [apiv2][query] GET https://firebase-public.firebaseio.com/cli.json [none]
[debug] [2025-06-20T21:02:17.209Z] > command requires scopes: ["email","openid","https://www.googleapis.com/auth/cloudplatformprojects.readonly","https://www.googleapis.com/auth/firebase","https://www.googleapis.com/auth/cloud-platform"]
[debug] [2025-06-20T21:02:17.209Z] > authorizing via signed-in user (hhosseinianfar@gmail.com)
[info] 
     ######## #### ########  ######## ########     ###     ######  ########
     ##        ##  ##     ## ##       ##     ##  ##   ##  ##       ##
     ######    ##  ########  ######   ########  #########  ######  ######
     ##        ##  ##    ##  ##       ##     ## ##     ##       ## ##
     ##       #### ##     ## ######## ########  ##     ##  ######  ########

You're about to initialize a Firebase project in this directory:

  /Users/hamidhosseinianfar/Dropbox/Publications/Proposal_Task2/SVN_Task2_Sim/Github_Shadowing_Repository/WirelessReview

Before we get started, keep in mind:

  * You are initializing within an existing Firebase project directory

[debug] [2025-06-20T21:02:17.347Z] <<< [apiv2][status] GET https://firebase-public.firebaseio.com/cli.json 200
[debug] [2025-06-20T21:02:17.348Z] <<< [apiv2][body] GET https://firebase-public.firebaseio.com/cli.json {"cloudBuildErrorAfter":1594252800000,"cloudBuildWarnAfter":1590019200000,"defaultNode10After":1594252800000,"minVersion":"3.0.5","node8DeploysDisabledAfter":1613390400000,"node8RuntimeDisabledAfter":1615809600000,"node8WarnAfter":1600128000000}
